<?xml version="1.0" encoding="UTF-8"?>
<!-- Generated by org.testng.reporters.JUnitXMLReporter -->
<testsuite hostname="KrithvikRamdutya" ignored="0" name="Test" tests="5" failures="0" timestamp="2022-08-15T17:22:44 IST" time="56.4" errors="0">
  <testcase name="leafTapCreateLead" time="6.476" classname="week6.day1.assignment1.CreateLead"/>
  <testcase name="leafTapDuplicateLead" time="10.162" classname="week6.day1.assignment1.DuplicateLead"/>
  <testcase name="leafTapEditLead" time="5.104" classname="week6.day1.assignment1.EditLead"/>
  <testcase name="leafTapMergeLeads" time="3.427" classname="week6.day1.assignment1.MergeLeads"/>
  <testcase name="leafTapDeleteLead" time="2.705" classname="week6.day1.assignment1.DeleteLead"/>
</testsuite> <!-- Test -->
