<?xml version="1.0" encoding="UTF-8"?>
<!-- Generated by org.testng.reporters.JUnitXMLReporter -->
<testsuite hostname="KrithvikRamdutya" ignored="0" name="leaftapLeads" tests="5" failures="0" timestamp="2022-08-15T17:36:01 IST" time="34.692" errors="0">
  <testcase name="leafTapCreateLead" time="8.347" classname="week6.day1.assignment1.CreateLead"/>
  <testcase name="leafTapDuplicateLead" time="13.136" classname="week6.day1.assignment1.DuplicateLead"/>
  <testcase name="leafTapEditLead" time="6.326" classname="week6.day1.assignment1.EditLead"/>
  <testcase name="leafTapMergeLeads" time="2.883" classname="week6.day1.assignment1.MergeLeads"/>
  <testcase name="leafTapDeleteLead" time="3.187" classname="week6.day1.assignment1.DeleteLead"/>
</testsuite> <!-- leaftapLeads -->
